<?xml version="1.0" encoding="UTF-8"?>
<!-- Generated by org.testng.reporters.JUnitReportReporter -->
<testsuite hostname="DESKTOP-BLJ7COK" failures="0" tests="1" name="test.testngForLogin" time="15.576" errors="0" timestamp="2022-09-21T00:51:53 IST" skipped="0">
  <testcase classname="test.testngForLogin" name="test" time="15.576"/>
  <system-out/>
</testsuite> <!-- test.testngForLogin -->
